<?xml version="1.0" encoding="UTF-8"?>
<!-- Generated by org.testng.reporters.JUnitXMLReporter -->
<testsuite ignored="0" hostname="AjayPitampalli" failures="1" tests="1" name="Default test" time="3.46" errors="0" timestamp="03 Mar 2023 00:57:10 GMT">
  <testcase classname="MyRunner.TestRunner" name="runScenario" time="2.957">
    <failure type="java.lang.AssertionError" message="expected [Your store. Login] but found [Dashboard / nopCommerce administration]">
      <![CDATA[java.lang.AssertionError: expected [Your store. Login] but found [Dashboard / nopCommerce administration]
at org.testng.Assert.fail(Assert.java:96)
at org.testng.Assert.failNotEquals(Assert.java:776)
at org.testng.Assert.assertEqualsImpl(Assert.java:137)
at org.testng.Assert.assertEquals(Assert.java:118)
at org.testng.Assert.assertEquals(Assert.java:453)
at org.testng.Assert.assertEquals(Assert.java:463)
at stepDefinitions.LoginStepDefinition.user_is_on_hopme_page(LoginStepDefinition.java:80)
at ✽.user is on home page(file:///C:/Users/AjayPittampalli/Selenium_cucumber_testNG/Cucumber-TestNG/src/main/java/Features/login.feature:9)
]]>
    </failure>
  </testcase> <!-- runScenario -->
</testsuite> <!-- Default test -->
