<?xml version="1.0" encoding="UTF-8"?>
<testng-results ignored="0" total="1" passed="1" failed="0" skipped="0">
  <reporter-output>
  </reporter-output>
  <suite started-at="2023-03-03T01:31:42Z" name="BDD Test Suite" finished-at="2023-03-03T01:31:45Z" duration-ms="3450">
    <groups>
      <group name="cucumber">
        <method signature="TestRunner.runScenario(io.cucumber.testng.PickleWrapper, io.cucumber.testng.FeatureWrapper)[pri:0, instance:MyRunner.TestRunner@3c9d0b9d]" name="runScenario" class="MyRunner.TestRunner"/>
      </group> <!-- cucumber -->
    </groups>
    <test started-at="2023-03-03T01:31:42Z" name="FREE CRM Test" finished-at="2023-03-03T01:31:45Z" duration-ms="3450">
      <class name="MyRunner.TestRunner">
        <test-method is-config="true" signature="setUpClass()[pri:0, instance:MyRunner.TestRunner@3c9d0b9d]" started-at="2023-03-03T01:31:42Z" name="setUpClass" finished-at="2023-03-03T01:31:42Z" duration-ms="405" status="PASS">
          <reporter-output>
          </reporter-output>
        </test-method> <!-- setUpClass -->
        <test-method signature="runScenario(io.cucumber.testng.PickleWrapper, io.cucumber.testng.FeatureWrapper)[pri:0, instance:MyRunner.TestRunner@3c9d0b9d]" started-at="2023-03-03T01:31:42Z" name="runScenario" description="Runs Cucumber Scenarios" data-provider="scenarios" finished-at="2023-03-03T01:31:45Z" duration-ms="2944" status="PASS">
          <params>
            <param index="0">
              <value>
                <![CDATA["Free CRM Login Test Scenario"]]>
              </value>
            </param>
            <param index="1">
              <value>
                <![CDATA["Optional[Free CRM Login Feature]"]]>
              </value>
            </param>
          </params>
          <reporter-output>
          </reporter-output>
        </test-method> <!-- runScenario -->
        <test-method is-config="true" signature="tearDownClass()[pri:0, instance:MyRunner.TestRunner@3c9d0b9d]" started-at="2023-03-03T01:31:45Z" name="tearDownClass" finished-at="2023-03-03T01:31:45Z" duration-ms="84" status="PASS">
          <reporter-output>
          </reporter-output>
        </test-method> <!-- tearDownClass -->
      </class> <!-- MyRunner.TestRunner -->
    </test> <!-- FREE CRM Test -->
  </suite> <!-- BDD Test Suite -->
</testng-results>
